2024/02/07 15:25:26.029678 E:/workspase/go/golandWorkspace/stock/stock/main.go:56: Shutting down server...
2024/02/07 15:25:26.029678 E:/workspase/go/golandWorkspace/stock/stock/main.go:67: Server stopped gracefully
2024/02/07 15:26:14.931184 E:/workspase/go/golandWorkspace/stock/stock/main.go:56: Shutting down server...
2024/02/07 15:26:14.931184 E:/workspase/go/golandWorkspace/stock/stock/main.go:67: Server stopped gracefully
2024/02/07 15:26:59.200748 E:/workspase/go/golandWorkspace/stock/stock/main.go:56: Shutting down server...
2024/02/07 15:26:59.201250 E:/workspase/go/golandWorkspace/stock/stock/main.go:67: Server stopped gracefully
2024/02/07 15:31:08.113989 E:/workspase/go/golandWorkspace/stock/stock/main.go:56: Shutting down server...
2024/02/07 15:31:08.122423 E:/workspase/go/golandWorkspace/stock/stock/main.go:67: Server stopped gracefully
2024/02/07 15:31:51.081064 E:/workspase/go/golandWorkspace/stock/stock/main.go:56: Shutting down server...
2024/02/07 15:31:51.081064 E:/workspase/go/golandWorkspace/stock/stock/main.go:67: Server stopped gracefully
2024/02/07 15:32:27.670579 E:/workspase/go/golandWorkspace/stock/stock/main.go:56: Shutting down server...
2024/02/07 15:32:27.670579 E:/workspase/go/golandWorkspace/stock/stock/main.go:67: Server stopped gracefully
2024/02/07 15:35:40.567679 E:/workspase/go/golandWorkspace/stock/stock/main.go:56: Shutting down server...
2024/02/07 15:35:40.568182 E:/workspase/go/golandWorkspace/stock/stock/main.go:67: Server stopped gracefully
2024/02/07 15:37:14.979266 E:/workspase/go/golandWorkspace/stock/stock/main.go:56: Shutting down server...
2024/02/07 15:37:14.980491 E:/workspase/go/golandWorkspace/stock/stock/main.go:67: Server stopped gracefully
2024/02/07 15:39:19.686769 E:/workspase/go/golandWorkspace/stock/stock/main.go:56: Shutting down server...
2024/02/07 15:39:19.686769 E:/workspase/go/golandWorkspace/stock/stock/main.go:67: Server stopped gracefully
2024/02/07 15:47:16.987960 E:/workspase/go/golandWorkspace/stock/stock/main.go:56: Shutting down server...
2024/02/07 15:47:16.987960 E:/workspase/go/golandWorkspace/stock/stock/main.go:67: Server stopped gracefully
2024/02/07 15:55:19.452106 E:/workspase/go/golandWorkspace/stock/stock/main.go:56: Shutting down server...
2024/02/07 15:55:19.452106 E:/workspase/go/golandWorkspace/stock/stock/main.go:67: Server stopped gracefully
2024/02/07 15:55:45.998815 E:/workspase/go/golandWorkspace/stock/stock/main.go:56: Shutting down server...
2024/02/07 15:55:45.999319 E:/workspase/go/golandWorkspace/stock/stock/main.go:67: Server stopped gracefully
2024/02/07 15:56:58.831758 E:/workspase/go/golandWorkspace/stock/stock/main.go:56: Shutting down server...
2024/02/07 15:56:58.832283 E:/workspase/go/golandWorkspace/stock/stock/main.go:67: Server stopped gracefully
2024/02/07 15:57:56.476684 E:/workspase/go/golandWorkspace/stock/stock/main.go:56: Shutting down server...
2024/02/07 15:57:56.478031 E:/workspase/go/golandWorkspace/stock/stock/main.go:67: Server stopped gracefully
2024/02/07 15:59:10.674077 E:/workspase/go/golandWorkspace/stock/stock/main.go:56: Shutting down server...
2024/02/07 15:59:10.675095 E:/workspase/go/golandWorkspace/stock/stock/main.go:67: Server stopped gracefully
2024/02/07 15:59:48.194647 E:/workspase/go/golandWorkspace/stock/stock/main.go:56: Shutting down server...
2024/02/07 15:59:48.195149 E:/workspase/go/golandWorkspace/stock/stock/main.go:67: Server stopped gracefully
2024/02/07 16:06:59.005126 E:/workspase/go/golandWorkspace/stock/stock/main.go:56: Shutting down server...
2024/02/07 16:06:59.005628 E:/workspase/go/golandWorkspace/stock/stock/main.go:67: Server stopped gracefully
2024/02/07 16:09:55.955802 E:/workspase/go/golandWorkspace/stock/stock/main.go:56: Shutting down server...
2024/02/07 16:09:55.956304 E:/workspase/go/golandWorkspace/stock/stock/main.go:67: Server stopped gracefully
2024/02/07 16:12:15.663737 E:/workspase/go/golandWorkspace/stock/stock/main.go:56: Shutting down server...
2024/02/07 16:12:15.664275 E:/workspase/go/golandWorkspace/stock/stock/main.go:67: Server stopped gracefully
2024/02/07 16:16:59.525263 E:/workspase/go/golandWorkspace/stock/stock/main.go:56: Shutting down server...
2024/02/07 16:16:59.525766 E:/workspase/go/golandWorkspace/stock/stock/main.go:67: Server stopped gracefully
2024/02/07 16:19:27.211053 E:/workspase/go/golandWorkspace/stock/stock/main.go:56: Shutting down server...
2024/02/07 16:19:27.211557 E:/workspase/go/golandWorkspace/stock/stock/main.go:67: Server stopped gracefully
2024/02/07 16:26:37.386320 E:/workspase/go/golandWorkspace/stock/stock/main.go:56: Shutting down server...
2024/02/07 16:26:37.386824 E:/workspase/go/golandWorkspace/stock/stock/main.go:67: Server stopped gracefully
2024/02/07 16:39:50.130621 E:/workspase/go/golandWorkspace/stock/stock/main.go:56: Shutting down server...
2024/02/07 16:39:50.131125 E:/workspase/go/golandWorkspace/stock/stock/main.go:67: Server stopped gracefully
2024/02/07 16:42:49.106749 E:/workspase/go/golandWorkspace/stock/stock/main.go:56: Shutting down server...
2024/02/07 16:42:49.106749 E:/workspase/go/golandWorkspace/stock/stock/main.go:67: Server stopped gracefully
2024/02/07 16:43:04.777795 E:/workspase/go/golandWorkspace/stock/stock/main.go:56: Shutting down server...
2024/02/07 16:43:04.789085 E:/workspase/go/golandWorkspace/stock/stock/main.go:67: Server stopped gracefully
2024/02/07 16:43:35.852154 E:/workspase/go/golandWorkspace/stock/stock/main.go:56: Shutting down server...
2024/02/07 16:43:35.852763 E:/workspase/go/golandWorkspace/stock/stock/main.go:67: Server stopped gracefully
2024/02/07 16:45:38.524412 E:/workspase/go/golandWorkspace/stock/stock/main.go:56: Shutting down server...
2024/02/07 16:45:38.524914 E:/workspase/go/golandWorkspace/stock/stock/main.go:67: Server stopped gracefully
2024/02/07 16:47:28.323023 E:/workspase/go/golandWorkspace/stock/stock/main.go:56: Shutting down server...
2024/02/07 16:47:28.323527 E:/workspase/go/golandWorkspace/stock/stock/main.go:67: Server stopped gracefully
2024/02/07 16:51:13.447094 E:/workspase/go/golandWorkspace/stock/stock/main.go:56: Shutting down server...
2024/02/07 16:51:13.447094 E:/workspase/go/golandWorkspace/stock/stock/main.go:67: Server stopped gracefully
2024/02/07 16:51:53.627903 E:/workspase/go/golandWorkspace/stock/stock/main.go:56: Shutting down server...
2024/02/07 16:51:58.632515 E:/workspase/go/golandWorkspace/stock/stock/main.go:64: Server shutdown failed: context deadline exceeded
2024/02/07 16:52:49.776023 E:/workspase/go/golandWorkspace/stock/stock/main.go:56: Shutting down server...
2024/02/07 16:52:49.776527 E:/workspase/go/golandWorkspace/stock/stock/main.go:67: Server stopped gracefully
2024/02/07 16:53:25.814392 E:/workspase/go/golandWorkspace/stock/stock/main.go:56: Shutting down server...
2024/02/07 16:53:25.814896 E:/workspase/go/golandWorkspace/stock/stock/main.go:67: Server stopped gracefully
2024/02/07 16:53:56.113954 E:/workspase/go/golandWorkspace/stock/stock/main.go:56: Shutting down server...
2024/02/07 16:53:56.114456 E:/workspase/go/golandWorkspace/stock/stock/main.go:67: Server stopped gracefully
2024/02/07 17:06:42.705304 E:/workspase/go/golandWorkspace/stock/stock/main.go:56: Shutting down server...
2024/02/07 17:06:42.705806 E:/workspase/go/golandWorkspace/stock/stock/main.go:67: Server stopped gracefully
2024/02/07 17:07:52.593006 E:/workspase/go/golandWorkspace/stock/stock/main.go:56: Shutting down server...
2024/02/07 17:07:52.593507 E:/workspase/go/golandWorkspace/stock/stock/main.go:67: Server stopped gracefully
2024/02/07 17:08:45.949564 E:/workspase/go/golandWorkspace/stock/stock/main.go:56: Shutting down server...
2024/02/07 17:08:45.950067 E:/workspase/go/golandWorkspace/stock/stock/main.go:67: Server stopped gracefully
2024/02/07 17:10:15.939223 E:/workspase/go/golandWorkspace/stock/stock/main.go:56: Shutting down server...
2024/02/07 17:10:15.939725 E:/workspase/go/golandWorkspace/stock/stock/main.go:67: Server stopped gracefully
2024/02/07 17:11:44.556973 E:/workspase/go/golandWorkspace/stock/stock/main.go:56: Shutting down server...
2024/02/07 17:11:44.557475 E:/workspase/go/golandWorkspace/stock/stock/main.go:67: Server stopped gracefully
2024/02/07 17:12:41.782110 E:/workspase/go/golandWorkspace/stock/stock/main.go:56: Shutting down server...
2024/02/07 17:12:41.782613 E:/workspase/go/golandWorkspace/stock/stock/main.go:67: Server stopped gracefully
<<<<<<< HEAD
2024/02/07 17:19:36.732325 E:/workspase/go/golandWorkspace/stock/stock/main.go:56: Shutting down server...
2024/02/07 17:19:36.732830 E:/workspase/go/golandWorkspace/stock/stock/main.go:67: Server stopped gracefully
2024/02/08 10:32:24.181269 E:/workspase/go/golandWorkspace/stock/stock/main.go:56: Shutting down server...
2024/02/08 10:32:24.181269 E:/workspase/go/golandWorkspace/stock/stock/main.go:67: Server stopped gracefully
2024/02/08 21:43:44.676084 E:/workspase/go/golandWorkspace/stock/stock/main.go:58: Shutting down server...
2024/02/08 21:43:44.684928 E:/workspase/go/golandWorkspace/stock/stock/main.go:69: Server stopped gracefully
2024/02/08 21:44:29.486350 E:/workspase/go/golandWorkspace/stock/stock/main.go:58: Shutting down server...
2024/02/08 21:44:29.486931 E:/workspase/go/golandWorkspace/stock/stock/main.go:69: Server stopped gracefully
2024/02/08 21:44:59.614615 E:/workspase/go/golandWorkspace/stock/stock/main.go:58: Shutting down server...
2024/02/08 21:44:59.615118 E:/workspase/go/golandWorkspace/stock/stock/main.go:69: Server stopped gracefully
2024/02/08 21:45:22.970518 E:/workspase/go/golandWorkspace/stock/stock/main.go:58: Shutting down server...
2024/02/08 21:45:22.971351 E:/workspase/go/golandWorkspace/stock/stock/main.go:69: Server stopped gracefully
2024/02/08 21:48:45.178577 E:/workspase/go/golandWorkspace/stock/stock/main.go:58: Shutting down server...
2024/02/08 21:48:45.179084 E:/workspase/go/golandWorkspace/stock/stock/main.go:69: Server stopped gracefully
2024/02/08 21:50:06.635304 E:/workspase/go/golandWorkspace/stock/stock/main.go:58: Shutting down server...
2024/02/08 21:50:06.635807 E:/workspase/go/golandWorkspace/stock/stock/main.go:69: Server stopped gracefully
2024/02/08 21:50:42.019551 E:/workspase/go/golandWorkspace/stock/stock/main.go:58: Shutting down server...
2024/02/08 21:50:42.020053 E:/workspase/go/golandWorkspace/stock/stock/main.go:69: Server stopped gracefully
2024/02/08 21:51:41.097037 E:/workspase/go/golandWorkspace/stock/stock/main.go:58: Shutting down server...
2024/02/08 21:51:41.097540 E:/workspase/go/golandWorkspace/stock/stock/main.go:69: Server stopped gracefully
2024/02/08 21:53:47.251382 E:/workspase/go/golandWorkspace/stock/stock/main.go:58: Shutting down server...
2024/02/08 21:53:47.251886 E:/workspase/go/golandWorkspace/stock/stock/main.go:69: Server stopped gracefully
2024/02/08 22:01:20.168591 E:/workspase/go/golandWorkspace/stock/stock/main.go:58: Shutting down server...
2024/02/08 22:01:20.169094 E:/workspase/go/golandWorkspace/stock/stock/main.go:69: Server stopped gracefully
2024/02/08 22:01:48.679036 E:/workspase/go/golandWorkspace/stock/stock/main.go:58: Shutting down server...
2024/02/08 22:01:48.679540 E:/workspase/go/golandWorkspace/stock/stock/main.go:69: Server stopped gracefully
2024/02/08 22:02:27.064131 E:/workspase/go/golandWorkspace/stock/stock/main.go:58: Shutting down server...
2024/02/08 22:02:27.064636 E:/workspase/go/golandWorkspace/stock/stock/main.go:69: Server stopped gracefully
2024/02/08 22:13:26.530700 E:/workspase/go/golandWorkspace/stock/stock/main.go:58: Shutting down server...
2024/02/08 22:13:26.531206 E:/workspase/go/golandWorkspace/stock/stock/main.go:69: Server stopped gracefully
2024/02/08 23:07:51.584278 E:/workspase/go/golandWorkspace/stock/stock/main.go:58: Shutting down server...
2024/02/08 23:07:51.584782 E:/workspase/go/golandWorkspace/stock/stock/main.go:69: Server stopped gracefully
2024/02/08 23:13:58.826834 E:/workspase/go/golandWorkspace/stock/stock/main.go:58: Shutting down server...
2024/02/08 23:14:03.831529 E:/workspase/go/golandWorkspace/stock/stock/main.go:66: Server shutdown failed: context deadline exceeded
2024/02/09 00:24:02.959556 E:/workspase/go/golandWorkspace/stock/stock/main.go:58: Shutting down server...
2024/02/09 00:24:02.959556 E:/workspase/go/golandWorkspace/stock/stock/main.go:69: Server stopped gracefully
2024/02/09 09:28:07.995344 E:/workspase/go/golandWorkspace/stock/stock/main.go:58: Shutting down server...
2024/02/09 09:28:08.013525 E:/workspase/go/golandWorkspace/stock/stock/main.go:69: Server stopped gracefully
2024/02/09 09:28:48.574606 E:/workspase/go/golandWorkspace/stock/stock/main.go:58: Shutting down server...
2024/02/09 09:28:48.585750 E:/workspase/go/golandWorkspace/stock/stock/main.go:69: Server stopped gracefully
2024/02/09 09:43:35.960905 E:/workspase/go/golandWorkspace/stock/stock/main.go:58: Shutting down server...
2024/02/09 09:43:35.961480 E:/workspase/go/golandWorkspace/stock/stock/main.go:69: Server stopped gracefully
2024/02/09 09:46:30.857784 E:/workspase/go/golandWorkspace/stock/stock/main.go:58: Shutting down server...
2024/02/09 09:46:30.857784 E:/workspase/go/golandWorkspace/stock/stock/main.go:69: Server stopped gracefully
2024/02/09 09:57:49.029141 E:/workspase/go/golandWorkspace/stock/stock/main.go:58: Shutting down server...
2024/02/09 09:57:49.029646 E:/workspase/go/golandWorkspace/stock/stock/main.go:69: Server stopped gracefully
2024/02/09 10:08:40.694973 E:/workspase/go/golandWorkspace/stock/stock/main.go:58: Shutting down server...
2024/02/09 10:08:40.695475 E:/workspase/go/golandWorkspace/stock/stock/main.go:69: Server stopped gracefully
2024/02/09 10:14:38.817200 E:/workspase/go/golandWorkspace/stock/stock/main.go:58: Shutting down server...
2024/02/09 10:14:38.817704 E:/workspase/go/golandWorkspace/stock/stock/main.go:69: Server stopped gracefully
2024/02/09 10:18:35.979571 E:/workspase/go/golandWorkspace/stock/stock/main.go:58: Shutting down server...
2024/02/09 10:18:35.980074 E:/workspase/go/golandWorkspace/stock/stock/main.go:69: Server stopped gracefully
2024/02/09 10:20:34.320022 E:/workspase/go/golandWorkspace/stock/stock/main.go:58: Shutting down server...
2024/02/09 10:20:34.320525 E:/workspase/go/golandWorkspace/stock/stock/main.go:69: Server stopped gracefully
2024/02/09 10:23:39.408975 E:/workspase/go/golandWorkspace/stock/stock/main.go:58: Shutting down server...
2024/02/09 10:23:39.409479 E:/workspase/go/golandWorkspace/stock/stock/main.go:69: Server stopped gracefully
2024/02/09 10:24:42.331784 E:/workspase/go/golandWorkspace/stock/stock/main.go:58: Shutting down server...
2024/02/09 10:24:42.332286 E:/workspase/go/golandWorkspace/stock/stock/main.go:69: Server stopped gracefully
2024/02/09 11:32:18.247425 E:/workspase/go/golandWorkspace/stock/stock/main.go:58: Shutting down server...
2024/02/09 11:32:18.247928 E:/workspase/go/golandWorkspace/stock/stock/main.go:69: Server stopped gracefully
2024/02/09 11:33:58.747581 E:/workspase/go/golandWorkspace/stock/stock/main.go:58: Shutting down server...
2024/02/09 11:33:58.748084 E:/workspase/go/golandWorkspace/stock/stock/main.go:69: Server stopped gracefully
2024/02/09 11:36:40.282264 E:/workspase/go/golandWorkspace/stock/stock/main.go:58: Shutting down server...
2024/02/09 11:36:40.282770 E:/workspase/go/golandWorkspace/stock/stock/main.go:69: Server stopped gracefully
2024/02/09 11:41:31.809615 E:/workspase/go/golandWorkspace/stock/stock/main.go:58: Shutting down server...
2024/02/09 11:41:31.810118 E:/workspase/go/golandWorkspace/stock/stock/main.go:69: Server stopped gracefully
2024/02/09 11:50:15.201030 E:/workspase/go/golandWorkspace/stock/stock/main.go:58: Shutting down server...
2024/02/09 11:50:15.209857 E:/workspase/go/golandWorkspace/stock/stock/main.go:69: Server stopped gracefully
2024/02/09 11:52:14.467759 E:/workspase/go/golandWorkspace/stock/stock/main.go:58: Shutting down server...
2024/02/09 11:52:14.481969 E:/workspase/go/golandWorkspace/stock/stock/main.go:69: Server stopped gracefully
2024/02/09 12:01:37.640412 E:/workspase/go/golandWorkspace/stock/stock/main.go:58: Shutting down server...
2024/02/09 12:01:37.640949 E:/workspase/go/golandWorkspace/stock/stock/main.go:69: Server stopped gracefully
2024/02/09 12:02:07.617154 E:/workspase/go/golandWorkspace/stock/stock/main.go:58: Shutting down server...
2024/02/09 12:02:07.626538 E:/workspase/go/golandWorkspace/stock/stock/main.go:69: Server stopped gracefully
2024/02/09 12:03:28.806769 E:/workspase/go/golandWorkspace/stock/stock/main.go:58: Shutting down server...
2024/02/09 12:03:28.807273 E:/workspase/go/golandWorkspace/stock/stock/main.go:69: Server stopped gracefully
2024/02/09 12:07:32.032076 E:/workspase/go/golandWorkspace/stock/stock/main.go:58: Shutting down server...
2024/02/09 12:07:32.032076 E:/workspase/go/golandWorkspace/stock/stock/main.go:69: Server stopped gracefully
2024/02/09 12:08:57.991780 E:/workspase/go/golandWorkspace/stock/stock/main.go:58: Shutting down server...
2024/02/09 12:08:57.992283 E:/workspase/go/golandWorkspace/stock/stock/main.go:69: Server stopped gracefully
2024/02/09 12:09:50.384998 E:/workspase/go/golandWorkspace/stock/stock/main.go:58: Shutting down server...
2024/02/09 12:09:50.385503 E:/workspase/go/golandWorkspace/stock/stock/main.go:69: Server stopped gracefully
2024/02/09 12:10:37.044597 E:/workspase/go/golandWorkspace/stock/stock/main.go:58: Shutting down server...
2024/02/09 12:10:37.045100 E:/workspase/go/golandWorkspace/stock/stock/main.go:69: Server stopped gracefully
2024/02/09 12:11:48.412669 E:/workspase/go/golandWorkspace/stock/stock/main.go:58: Shutting down server...
2024/02/09 12:11:48.413171 E:/workspase/go/golandWorkspace/stock/stock/main.go:69: Server stopped gracefully
2024/02/09 12:13:27.234037 E:/workspase/go/golandWorkspace/stock/stock/main.go:58: Shutting down server...
2024/02/09 12:13:27.234540 E:/workspase/go/golandWorkspace/stock/stock/main.go:69: Server stopped gracefully
=======
2024/02/08 23:06:30.187157 D:/go/www/server/stock/main.go:56: Shutting down server...
2024/02/08 23:06:30.188208 D:/go/www/server/stock/main.go:67: Server stopped gracefully
2024/02/08 23:08:49.589968 D:/go/www/server/stock/main.go:56: Shutting down server...
2024/02/08 23:08:49.603475 D:/go/www/server/stock/main.go:67: Server stopped gracefully
2024/02/08 23:10:11.093743 D:/go/www/server/stock/main.go:56: Shutting down server...
2024/02/08 23:10:11.106390 D:/go/www/server/stock/main.go:67: Server stopped gracefully
2024/02/08 23:11:48.534075 D:/go/www/server/stock/main.go:56: Shutting down server...
2024/02/08 23:11:48.535150 D:/go/www/server/stock/main.go:67: Server stopped gracefully
2024/02/08 23:20:32.402153 D:/go/www/server/stock/main.go:56: Shutting down server...
2024/02/08 23:20:32.402670 D:/go/www/server/stock/main.go:67: Server stopped gracefully
2024/02/08 23:22:09.642058 D:/go/www/server/stock/main.go:56: Shutting down server...
2024/02/08 23:22:09.642624 D:/go/www/server/stock/main.go:67: Server stopped gracefully
2024/02/08 23:37:11.448093 D:/go/www/server/stock/main.go:56: Shutting down server...
2024/02/08 23:37:11.448605 D:/go/www/server/stock/main.go:67: Server stopped gracefully
2024/02/08 23:40:47.656668 D:/go/www/server/stock/main.go:56: Shutting down server...
2024/02/08 23:40:47.657210 D:/go/www/server/stock/main.go:67: Server stopped gracefully
2024/02/08 23:45:56.944517 D:/go/www/server/stock/main.go:56: Shutting down server...
2024/02/08 23:45:56.945026 D:/go/www/server/stock/main.go:67: Server stopped gracefully
2024/02/08 23:47:45.746921 D:/go/www/server/stock/main.go:56: Shutting down server...
2024/02/08 23:47:45.747581 D:/go/www/server/stock/main.go:67: Server stopped gracefully
2024/02/08 23:51:49.976619 D:/go/www/server/stock/main.go:56: Shutting down server...
2024/02/08 23:51:49.977125 D:/go/www/server/stock/main.go:67: Server stopped gracefully
2024/02/08 23:56:11.149673 D:/go/www/server/stock/main.go:56: Shutting down server...
2024/02/08 23:56:11.150180 D:/go/www/server/stock/main.go:67: Server stopped gracefully
2024/02/09 00:02:19.388258 D:/go/www/server/stock/main.go:56: Shutting down server...
2024/02/09 00:02:19.388803 D:/go/www/server/stock/main.go:67: Server stopped gracefully
2024/02/09 00:03:46.500011 D:/go/www/server/stock/main.go:56: Shutting down server...
2024/02/09 00:03:46.500522 D:/go/www/server/stock/main.go:67: Server stopped gracefully
2024/02/09 00:20:19.968404 D:/go/www/server/stock/main.go:56: Shutting down server...
2024/02/09 00:20:19.968913 D:/go/www/server/stock/main.go:67: Server stopped gracefully
>>>>>>> 45c69b3ffa1b2ed34b9cb3dadc9a26f13bd7395c
2026/02/12 10:22:14 main.go:19: starting...
2026/02/12 10:23:29 database.go:27: mysql connect err: %s
 dial tcp 47.98.124.41:3306: connect: operation timed out
2026/02/12 10:23:29 main.go:29: mysql have err dial tcp 47.98.124.41:3306: connect: operation timed out
2026/02/12 10:27:54 main.go:19: starting...
2026/02/12 10:27:54 main.go:54: HTTP server listening on :8889
2026/02/12 10:38:06 main.go:61: Shutting down server...
2026/02/12 10:38:06 main.go:72: Server stopped gracefully
2026/02/12 10:38:10 main.go:19: starting...
2026/02/12 10:38:10 main.go:54: HTTP server listening on :8889
2026/02/12 10:44:09 main.go:61: Shutting down server...
2026/02/12 10:44:09 main.go:72: Server stopped gracefully
2026/02/12 10:44:13 main.go:19: starting...
2026/02/12 10:44:13 main.go:54: HTTP server listening on :8889
2026/02/12 10:53:22 main.go:61: Shutting down server...
2026/02/12 10:53:22 main.go:72: Server stopped gracefully
2026/02/12 10:54:08 main.go:19: starting...
2026/02/12 10:54:08 main.go:54: HTTP server listening on :8889
2026/02/12 11:02:19 main.go:19: starting...
2026/02/12 11:02:20 main.go:54: HTTP server listening on :8889
2026/02/12 11:04:06 main.go:19: starting...
2026/02/12 11:04:06 main.go:54: HTTP server listening on :8889
2026/02/12 11:07:05 main.go:19: starting...
2026/02/12 11:07:05 main.go:54: HTTP server listening on :8889
2026/02/12 11:11:45 main.go:19: starting...
2026/02/12 11:11:45 main.go:54: HTTP server listening on :8889
2026/02/12 11:11:56 user.go:144: [ERROR] DoUserRegister 账号重复
2026/02/12 11:12:05 main.go:19: starting...
2026/02/12 11:12:05 main.go:54: HTTP server listening on :8889
2026/02/12 11:28:44 main.go:19: starting...
2026/02/12 11:28:44 main.go:54: HTTP server listening on :8889
2026/02/12 11:33:22 user.go:234: [ERROR] DoUserLuck 关键信息丢失
2026/02/12 11:33:59 user.go:234: [ERROR] DoUserLuck 关键信息丢失
2026/02/12 11:34:15 user.go:234: [ERROR] DoUserLuck 关键信息丢失
2026/02/12 11:38:54 main.go:19: starting...
2026/02/12 11:38:54 main.go:54: HTTP server listening on :8889
2026/02/12 11:40:51 main.go:19: starting...
2026/02/12 11:40:51 main.go:54: HTTP server listening on :8889
2026/02/12 11:41:09 main.go:19: starting...
2026/02/12 11:41:09 main.go:54: HTTP server listening on :8889
2026/02/12 11:41:43 main.go:19: starting...
2026/02/12 11:41:43 main.go:54: HTTP server listening on :8889
2026/02/12 11:42:11 main.go:19: starting...
2026/02/12 11:42:11 main.go:54: HTTP server listening on :8889
2026/02/12 11:42:14 user.go:203: [ERROR] DoUserGet 关键信息丢失
2026/02/12 11:44:41 main.go:19: starting...
2026/02/12 11:44:41 main.go:54: HTTP server listening on :8889
2026/02/12 11:44:51 main.go:19: starting...
2026/02/12 11:44:51 main.go:54: HTTP server listening on :8889
2026/02/12 14:01:56 main.go:19: starting...
2026/02/12 14:01:56 main.go:54: HTTP server listening on :8889
2026/02/12 14:04:03 main.go:19: starting...
2026/02/12 14:04:03 main.go:54: HTTP server listening on :8889
2026/02/12 14:04:46 main.go:19: starting...
2026/02/12 14:04:46 main.go:54: HTTP server listening on :8889
2026/02/12 14:05:56 admin.go:20: [ERROR] ItemBatch ShouldBind解析出错 errjson: cannot unmarshal string into Go struct field K2SItemInfo.items.purchasePrice of type uint64
2026/02/12 14:06:58 mysqlItem.go:18: [ERROR] CreateItem 创建项目失败 err:ERROR: duplicate key value violates unique constraint "item_pkey" (SQLSTATE 23505)
2026/02/12 14:07:18 mysqlItem.go:61: [ERROR] UpdateItem 更新项目失败 err:ERROR: could not determine data type of parameter $7 (SQLSTATE 42P18)
2026/02/12 14:07:20 mysqlItem.go:61: [ERROR] UpdateItem 更新项目失败 err:ERROR: could not determine data type of parameter $7 (SQLSTATE 42P18)
2026/02/12 14:07:24 mysqlItem.go:61: [ERROR] UpdateItem 更新项目失败 err:ERROR: could not determine data type of parameter $7 (SQLSTATE 42P18)
2026/02/12 14:08:16 mysqlItem.go:61: [ERROR] UpdateItem 更新项目失败 err:ERROR: could not determine data type of parameter $7 (SQLSTATE 42P18)
2026/02/12 14:08:22 mysqlItem.go:61: [ERROR] UpdateItem 更新项目失败 err:ERROR: could not determine data type of parameter $7 (SQLSTATE 42P18)
2026/02/12 14:08:55 mysqlItem.go:61: [ERROR] UpdateItem 更新项目失败 err:ERROR: could not determine data type of parameter $7 (SQLSTATE 42P18)
2026/02/12 14:11:39 main.go:19: starting...
2026/02/12 14:11:39 main.go:54: HTTP server listening on :8889
2026/02/12 14:12:05 main.go:19: starting...
2026/02/12 14:12:05 main.go:54: HTTP server listening on :8889
2026/02/12 14:12:15 main.go:19: starting...
2026/02/12 14:12:15 main.go:54: HTTP server listening on :8889
2026/02/12 14:15:34 stock.go:18: [ERROR] BuyStock ShouldBind解析出错 errjson: cannot unmarshal string into Go struct field K2SBuyStock.quantity of type uint64
2026/02/12 14:15:51 stock.go:72: [ERROR] DoBuyStock 幸运值不足 当前:0 需要:1
2026/02/12 14:17:22 stock.go:72: [ERROR] DoBuyStock 幸运值不足 当前:0 需要:1
2026/02/12 14:19:25 main.go:19: starting...
2026/02/12 14:19:25 main.go:54: HTTP server listening on :8889
2026/02/12 14:22:52 main.go:19: starting...
2026/02/12 14:22:52 main.go:54: HTTP server listening on :8889
2026/02/12 14:29:05 main.go:19: starting...
2026/02/12 14:29:05 main.go:54: HTTP server listening on :8889
2026/02/12 14:39:56 trade.go:98: [ERROR] TradeBuy ShouldBind解析出错 errjson: cannot unmarshal string into Go struct field K2STradeBuy.price of type uint64
2026/02/12 14:41:54 trade.go:261: [ERROR] DoTradeAccept 不能应自己的单
2026/02/12 14:44:30 main.go:19: starting...
2026/02/12 14:44:30 main.go:54: HTTP server listening on :8889
2026/02/12 15:30:07 main.go:19: starting...
2026/02/12 15:30:07 main.go:54: HTTP server listening on :8889
2026/02/23 19:37:14 main.go:19: starting...
2026/02/23 19:37:14 database.go:31: pgsql connect err: failed to connect to `host=localhost user=postgres database=stock_db`: dial error (dial tcp 127.0.0.1:5432: connect: connection refused)
2026/02/23 19:37:14 main.go:29: pgsql have err failed to connect to `host=localhost user=postgres database=stock_db`: dial error (dial tcp 127.0.0.1:5432: connect: connection refused)
2026/02/23 19:41:13 main.go:19: starting...
2026/02/23 19:41:13 main.go:54: HTTP server listening on :8889
2026/02/23 20:31:44 main.go:19: starting...
2026/02/23 20:31:44 main.go:54: HTTP server listening on :8889
2026/02/23 20:32:11 main.go:19: starting...
2026/02/23 20:32:11 main.go:54: HTTP server listening on :8889
2026/03/10 19:50:05 main.go:19: starting...
2026/03/10 19:50:05 database.go:31: pgsql connect err: failed to connect to `host=localhost user=postgres database=stock_db`: failed SASL auth (FATAL: password authentication failed for user "postgres" (SQLSTATE 28P01))
2026/03/10 19:50:05 main.go:29: pgsql have err failed to connect to `host=localhost user=postgres database=stock_db`: failed SASL auth (FATAL: password authentication failed for user "postgres" (SQLSTATE 28P01))
2026/03/10 19:51:28 main.go:19: starting...
2026/03/10 19:51:33 database.go:31: pgsql connect err: failed to connect to `host=StrongPassw0rd! user=postgres database=stock_db`: hostname resolving error (lookup StrongPassw0rd!: no such host)
2026/03/10 19:51:33 main.go:29: pgsql have err failed to connect to `host=StrongPassw0rd! user=postgres database=stock_db`: hostname resolving error (lookup StrongPassw0rd!: no such host)
2026/03/10 19:52:43 main.go:19: starting...
2026/03/10 19:52:43 main.go:54: HTTP server listening on :8889
2026/03/10 19:52:54 main.go:61: Shutting down server...
2026/03/10 19:52:54 main.go:72: Server stopped gracefully
2026/03/10 19:53:05 main.go:19: starting...
2026/03/10 19:53:05 main.go:54: HTTP server listening on :8889
2026/03/10 19:53:39 main.go:61: Shutting down server...
2026/03/10 19:53:39 main.go:72: Server stopped gracefully
2026/03/10 20:05:39 main.go:19: starting...
2026/03/10 20:05:39 main.go:54: HTTP server listening on :8889
2026/03/10 20:06:26 user.go:51: [ERROR] DoUserLogin 密码不正确
2026/03/10 20:07:20 main.go:61: Shutting down server...
2026/03/10 20:07:20 main.go:72: Server stopped gracefully
2026/03/10 20:07:21 main.go:19: starting...
2026/03/10 20:07:21 main.go:54: HTTP server listening on :8889
2026/03/10 20:08:50 main.go:61: Shutting down server...
2026/03/10 20:08:50 main.go:72: Server stopped gracefully
